<?xml version="1.0" encoding="UTF-8"?>
<testsuite name="ParkingLotTest" tests="5" skipped="0" failures="0" errors="0" timestamp="2020-03-20T21:31:04" hostname="LAPTOP-N41Q4R44" time="0.009">
  <properties/>
  <testcase name="givenParkingLot_IsWhenFulled_ShouldReturnTrue" classname="ParkingLotTest" time="0.006"/>
  <testcase name="givenParkingLot_OwnerCheck_parkingLotIs_Empty_ToParkVehicle" classname="ParkingLotTest" time="0.0"/>
  <testcase name="givenParkingLot_DriverCan_UnparkThe_CarShouldReturnTrue" classname="ParkingLotTest" time="0.0"/>
  <testcase name="givenParkingLot_MultipleCar_WithMultipleTypes" classname="ParkingLotTest" time="0.0"/>
  <testcase name="givenParkingLot_MultipleCar_CanParkInParkingLot_" classname="ParkingLotTest" time="0.0"/>
  <system-out><![CDATA[Parking is fulled
Parking is fulled
Parking is fulled
Vehicle Unpark successfullyMH01 MU 0707
truevehicle unpark
Parking is fulled
Parking is fulled
]]></system-out>
  <system-err><![CDATA[]]></system-err>
</testsuite>
