<?xml version="1.0" encoding="UTF-8"?>
<testsuite name="ParkingLotTest" tests="3" skipped="0" failures="0" errors="0" timestamp="2020-03-20T02:17:08" hostname="LAPTOP-N41Q4R44" time="0.003">
  <properties/>
  <testcase name="givenParkingLot_OwnerCheck_parkingLotIs_Empty_ToParkVehicle" classname="ParkingLotTest" time="0.003"/>
  <testcase name="givenParkingLot_MultipleCar_WithMultipleTypes" classname="ParkingLotTest" time="0.0"/>
  <testcase name="givenParkingLot_MultipleCar_CanParkInParkingLot_" classname="ParkingLotTest" time="0.0"/>
  <system-out><![CDATA[]]></system-out>
  <system-err><![CDATA[]]></system-err>
</testsuite>
